<?xml version="1.0" encoding="UTF-8"?>
<!-- Generated by org.testng.reporters.JUnitReportReporter -->
<testsuite hostname="DESKTOP-1L8REDS" failures="0" tests="2" name="cloudinspot.cloudinspotfunctionalautomation.SeleniumTest" time="180.236" errors="0" timestamp="2024-11-11T15:30:10 IST" skipped="0">
  <testcase classname="cloudinspot.cloudinspotfunctionalautomation.SeleniumTest" name="uploadProfilePic" time="121.889"/>
  <system-out/>
  <testcase classname="cloudinspot.cloudinspotfunctionalautomation.SeleniumTest" name="removeProfilePic" time="58.347"/>
  <system-out/>
</testsuite> <!-- cloudinspot.cloudinspotfunctionalautomation.SeleniumTest -->
